<?xml version="1.0" encoding="UTF-8"?>
<testsuite name="pod_tests.ListPodsTest" tests="1" skipped="0" failures="0" errors="0" timestamp="2021-02-04T19:30:53" hostname="ELSPHIM-4175885" time="0.52">
  <properties/>
  <testcase name="getAllPods" classname="pod_tests.ListPodsTest" time="0.52"/>
  <system-out><![CDATA[Namespace batata Active default 
Namespace batata Active docker 
Namespace batata Active ingress-nginx 
Namespace batata Active kube-node-lease 
Namespace batata Active kube-public 
Namespace batata Active kube-system 
Namespace batata Active openfaas 
Namespace batata Active openfaas-fn 
Namespace batata Active performance 
Pod tomato Running alertmanager-864c5bb579-hrklg 
Pod tomato Running basic-auth-plugin-75cd6f4fc6-nd9b8 
Pod tomato Running faas-idler-bbdcbc5ff-njmmq 
Pod tomato Running gateway-789764d8d6-cvs8n 
Pod tomato Running nats-68c775c8c4-j67wq 
Pod tomato Running prometheus-6dd6c7596f-85pcj 
Pod tomato Running queue-worker-54f8db69db-ll8bj 
Service Service ServiceStatus(loadBalancer=LoadBalancerStatus(ingress=[], additionalProperties={}), additionalProperties={}) alertmanager 
Service Service ServiceStatus(loadBalancer=LoadBalancerStatus(ingress=[], additionalProperties={}), additionalProperties={}) basic-auth-plugin 
Service Service ServiceStatus(loadBalancer=LoadBalancerStatus(ingress=[], additionalProperties={}), additionalProperties={}) gateway 
Service Service ServiceStatus(loadBalancer=LoadBalancerStatus(ingress=[LoadBalancerIngress(hostname=localhost, ip=null, additionalProperties={})], additionalProperties={}), additionalProperties={}) gateway-external 
Service Service ServiceStatus(loadBalancer=LoadBalancerStatus(ingress=[], additionalProperties={}), additionalProperties={}) nats 
Service Service ServiceStatus(loadBalancer=LoadBalancerStatus(ingress=[], additionalProperties={}), additionalProperties={}) prometheus 
]]></system-out>
  <system-err><![CDATA[SLF4J: Failed to load class "org.slf4j.impl.StaticLoggerBinder".
SLF4J: Defaulting to no-operation (NOP) logger implementation
SLF4J: See http://www.slf4j.org/codes.html#StaticLoggerBinder for further details.
]]></system-err>
</testsuite>
